<?xml version="1.0" encoding="UTF-8"?>
<!-- Generated by org.testng.reporters.JUnitReportReporter -->
<testsuite skipped="0" hostname="DESKTOP-LG4283L" name="apirest.Testcase_Delete" tests="1" failures="0" timestamp="23 Apr 2020 09:54:41 GMT" time="1.874" errors="0">
  <testcase name="tc_01" time="1.874" classname="apirest.Testcase_Delete"/>
</testsuite> <!-- apirest.Testcase_Delete -->
