<?xml version="1.0" encoding="UTF-8"?>
<!-- Generated by org.testng.reporters.JUnitReportReporter -->
<testsuite skipped="0" hostname="windows8" name="apirest.Testcase02" tests="6" failures="0" timestamp="22 Apr 2020 16:47:11 GMT" time="3.514" errors="0">
  <testcase name="tc_05" time="0.419" classname="apirest.Testcase02"/>
  <testcase name="tc_04" time="2.017" classname="apirest.Testcase02"/>
  <testcase name="tc_02" time="0.031" classname="apirest.Testcase02"/>
  <testcase name="tc_06" time="0.015" classname="apirest.Testcase02"/>
  <testcase name="tc_03" time="0.016" classname="apirest.Testcase02"/>
  <testcase name="tc_01" time="1.016" classname="apirest.Testcase02"/>
</testsuite> <!-- apirest.Testcase02 -->
