<?xml version="1.0" encoding="UTF-8"?>
<!-- Generated by org.testng.reporters.JUnitReportReporter -->
<testsuite skipped="0" hostname="DESKTOP-LG4283L" name="apirest.Testcase_Basics" tests="4" failures="0" timestamp="23 Apr 2020 08:54:14 GMT" time="0.545" errors="0">
  <testcase name="tc_04" time="0.493" classname="apirest.Testcase_Basics"/>
  <testcase name="tc_03" time="0.002" classname="apirest.Testcase_Basics"/>
  <testcase name="tc_02" time="0.002" classname="apirest.Testcase_Basics"/>
  <testcase name="tc_01" time="0.048" classname="apirest.Testcase_Basics"/>
</testsuite> <!-- apirest.Testcase_Basics -->
