<?xml version="1.0" encoding="UTF-8"?>
<!-- Generated by org.testng.reporters.JUnitReportReporter -->
<testsuite skipped="0" hostname="windows8" name="apirest.Testcase" tests="1" failures="0" timestamp="21 Apr 2020 16:47:34 GMT" time="1.564" errors="0">
  <testcase name="tc_01" time="1.564" classname="apirest.Testcase"/>
</testsuite> <!-- apirest.Testcase -->
