<?xml version="1.0" encoding="UTF-8"?>
<!-- Generated by org.testng.reporters.JUnitReportReporter -->
<testsuite skipped="0" hostname="DESKTOP-LG4283L" name="apirest.Testcase_Token" tests="2" failures="0" timestamp="23 Apr 2020 15:05:14 GMT" time="3.190" errors="0">
  <testcase name="tc_01" time="2.294" classname="apirest.Testcase_Token"/>
  <testcase name="tc_02" time="0.896" classname="apirest.Testcase_Token"/>
</testsuite> <!-- apirest.Testcase_Token -->
