<?xml version="1.0" encoding="UTF-8"?>
<!-- Generated by org.testng.reporters.JUnitReportReporter -->
<testsuite skipped="0" hostname="DESKTOP-LG4283L" name="apirest.Testcase_Patch" tests="2" failures="0" timestamp="23 Apr 2020 11:36:34 GMT" time="2.086" errors="0">
  <testcase name="tc_02" time="0.045" classname="apirest.Testcase_Patch"/>
  <testcase name="tc_01" time="2.041" classname="apirest.Testcase_Patch"/>
</testsuite> <!-- apirest.Testcase_Patch -->
