<?xml version="1.0" encoding="UTF-8"?>
<!-- Generated by org.testng.reporters.JUnitReportReporter -->
<testsuite skipped="0" hostname="DESKTOP-LG4283L" name="apirest.Testcase_Get" tests="7" failures="0" timestamp="23 Apr 2020 08:54:45 GMT" time="4.203" errors="0">
  <testcase name="tc_01" time="1.504" classname="apirest.Testcase_Get"/>
  <testcase name="tc_07" time="0.029" classname="apirest.Testcase_Get"/>
  <testcase name="tc_04" time="2.065" classname="apirest.Testcase_Get"/>
  <testcase name="tc_06" time="0.025" classname="apirest.Testcase_Get"/>
  <testcase name="tc_02" time="0.035" classname="apirest.Testcase_Get"/>
  <testcase name="tc_05" time="0.527" classname="apirest.Testcase_Get"/>
  <testcase name="tc_03" time="0.018" classname="apirest.Testcase_Get"/>
</testsuite> <!-- apirest.Testcase_Get -->
